[2026-03-12 00:48:51] [INFO    ] [CricVision.models.infer] Model loaded on CUDA: models/weights/ball_detection.pt
[2026-03-12 00:48:51] [INFO    ] [CricVision.models.infer] Model loaded on CUDA: models/weights/bat_detection.pt
[2026-03-12 00:48:51] [INFO    ] [CricVision.models.infer] Model loaded on CUDA: models/weights/stump_detection.pt
[2026-03-12 00:48:51] [INFO    ] [CricVision.__main__] ============================================================
[2026-03-12 00:48:51] [INFO    ] [CricVision.__main__] CricVision Pipeline — session started
[2026-03-12 00:48:51] [INFO    ] [CricVision.__main__]   Timestamp  : 2026-03-12 00:48:51
[2026-03-12 00:48:51] [INFO    ] [CricVision.__main__]   Input root : D:\CricVision_Scratch\inputs\New folder
[2026-03-12 00:48:51] [INFO    ] [CricVision.__main__]   Output root: outputs\2026-03-12
[2026-03-12 00:48:51] [INFO    ] [CricVision.__main__] ============================================================
[2026-03-12 00:48:51] [INFO    ] [CricVision.__main__] Found 1 video(s) to process
[2026-03-12 00:48:51] [INFO    ] [CricVision.__main__] Processing: D:\CricVision_Scratch\inputs\New folder\outsider_(72).mp4
[2026-03-12 00:48:52] [DEBUG   ] [CricVision.ball_tracking.ball_utils] Identified 0 static ball positions: []
[2026-03-12 00:48:52] [INFO    ] [CricVision.ball_tracking.orchestrator] Static ball map built with 0 positions: []
[2026-03-12 00:49:01] [INFO    ] [CricVision.ball_tracking.orchestrator] Pass 1 (detection): 10.51 s — 120 frames
[2026-03-12 00:49:01] [DEBUG   ] [CricVision.ball_tracking.impact_point] triplet: prev=(18, 606), curr=(50, 719), nxt=(99, 841), angle=6.07°
[2026-03-12 00:49:01] [DEBUG   ] [CricVision.ball_tracking.impact_point] triplet: prev=(50, 719), curr=(99, 841), nxt=(143, 962), angle=1.90°
[2026-03-12 00:49:01] [DEBUG   ] [CricVision.ball_tracking.impact_point] triplet: prev=(99, 841), curr=(143, 962), nxt=(187, 1084), angle=0.15°
[2026-03-12 00:49:01] [DEBUG   ] [CricVision.ball_tracking.impact_point] triplet: prev=(143, 962), curr=(187, 1084), nxt=(225, 1207), angle=2.66°
[2026-03-12 00:49:01] [DEBUG   ] [CricVision.ball_tracking.impact_point] triplet: prev=(187, 1084), curr=(225, 1207), nxt=(261, 1328), angle=0.60°
[2026-03-12 00:49:01] [DEBUG   ] [CricVision.ball_tracking.impact_point] triplet: prev=(225, 1207), curr=(261, 1328), nxt=(295, 1453), angle=1.35°
[2026-03-12 00:49:01] [DEBUG   ] [CricVision.ball_tracking.impact_point] triplet: prev=(261, 1328), curr=(295, 1453), nxt=(324, 1570), angle=1.30°
[2026-03-12 00:49:01] [DEBUG   ] [CricVision.ball_tracking.impact_point] triplet: prev=(295, 1453), curr=(324, 1570), nxt=(363, 1593), angle=45.55°
[2026-03-12 00:49:01] [DEBUG   ] [CricVision.ball_tracking.impact_point] triplet: prev=(324, 1570), curr=(363, 1593), nxt=(403, 1484), angle=100.38°
[2026-03-12 00:49:01] [INFO    ] [CricVision.ball_tracking.impact_point] [full-toss guard] pitch (363, 1593) ≈ 2nd angle change (363, 1593) — treating as full-toss
[2026-03-12 00:49:01] [INFO    ] [CricVision.ball_tracking.orchestrator] First point: (18, 606), Pitch point: (363, 1593), Impact point: (363, 1593)
[2026-03-12 00:49:01] [INFO    ] [CricVision.ball_tracking.orchestrator] [fulltoss] Impact detected before pitch — discarding pitch point.
[2026-03-12 00:49:01] [DEBUG   ] [CricVision.ball_tracking.impact_point] triplet: prev=(18, 606), curr=(50, 719), nxt=(99, 841), angle=6.07°
[2026-03-12 00:49:01] [DEBUG   ] [CricVision.ball_tracking.impact_point] triplet: prev=(50, 719), curr=(99, 841), nxt=(143, 962), angle=1.90°
[2026-03-12 00:49:01] [DEBUG   ] [CricVision.ball_tracking.impact_point] triplet: prev=(99, 841), curr=(143, 962), nxt=(187, 1084), angle=0.15°
[2026-03-12 00:49:01] [DEBUG   ] [CricVision.ball_tracking.impact_point] triplet: prev=(143, 962), curr=(187, 1084), nxt=(225, 1207), angle=2.66°
[2026-03-12 00:49:01] [DEBUG   ] [CricVision.ball_tracking.impact_point] triplet: prev=(187, 1084), curr=(225, 1207), nxt=(261, 1328), angle=0.60°
[2026-03-12 00:49:01] [DEBUG   ] [CricVision.ball_tracking.impact_point] triplet: prev=(225, 1207), curr=(261, 1328), nxt=(295, 1453), angle=1.35°
[2026-03-12 00:49:01] [DEBUG   ] [CricVision.ball_tracking.impact_point] triplet: prev=(261, 1328), curr=(295, 1453), nxt=(324, 1570), angle=1.30°
[2026-03-12 00:49:01] [DEBUG   ] [CricVision.ball_tracking.impact_point] triplet: prev=(295, 1453), curr=(324, 1570), nxt=(363, 1593), angle=45.55°
[2026-03-12 00:49:01] [DEBUG   ] [CricVision.ball_tracking.impact_point] triplet: prev=(324, 1570), curr=(363, 1593), nxt=(403, 1484), angle=100.38°
[2026-03-12 00:49:01] [INFO    ] [CricVision.ball_tracking.impact_point] [full-toss] num_changes=2, angle_changes=[(324, 1570), (363, 1593)]
[2026-03-12 00:49:01] [INFO    ] [CricVision.ball_tracking.orchestrator] new impact point after fulltoss check: (324, 1570)
[2026-03-12 00:49:01] [INFO    ] [CricVision.ball_tracking.orchestrator] Computation: 0.00 s
[2026-03-12 00:49:05] [INFO    ] [CricVision.ball_tracking.orchestrator] Pass 2 (writing): 3.09 s
[2026-03-12 00:49:05] [INFO    ] [CricVision.ball_tracking.orchestrator] --- Results for D:\CricVision_Scratch\inputs\New folder\outsider_(72).mp4 ---
[2026-03-12 00:49:05] [INFO    ] [CricVision.ball_tracking.orchestrator] total ball detections: 31
[2026-03-12 00:49:05] [DEBUG   ] [CricVision.ball_tracking.orchestrator] valid ball detections (after filtering static): [(18, 606), (50, 719), (99, 841), (143, 962), (187, 1084), (225, 1207), (261, 1328), (295, 1453), (324, 1570), (363, 1593), (403, 1484), (442, 1386), (477, 1302), (1041, 1879), (973, 1740), (907, 1610), (843, 1490), (773, 1379), (708, 1282), (641, 1193), (579, 1114), (520, 1046), (460, 987), (399, 941), (337, 903), (281, 874), (224, 854), (165, 844), (112, 844), (57, 853), (17, 869)]
[2026-03-12 00:49:05] [DEBUG   ] [CricVision.ball_tracking.orchestrator] ball points inside bat bbox: [(477, 1302)]
[2026-03-12 00:49:05] [INFO    ] [CricVision.ball_tracking.orchestrator] First point:  (18, 606)
[2026-03-12 00:49:05] [INFO    ] [CricVision.ball_tracking.orchestrator] Pitch point:  False
[2026-03-12 00:49:05] [INFO    ] [CricVision.ball_tracking.orchestrator] Impact point: (363, 1593)
[2026-03-12 00:49:05] [INFO    ] [CricVision.ball_tracking.orchestrator] Done — processed 120 frames in 13.61 s total.
[2026-03-12 00:49:05] [DEBUG   ] [CricVision.ball_tracking.orchestrator] Static ball map: []
[2026-03-12 00:49:05] [INFO    ] [CricVision.__main__] Output saved to: outputs\2026-03-12\outsider_(72).mp4
[2026-03-12 00:49:05] [INFO    ] [CricVision.__main__] ============================================================
[2026-03-12 00:49:05] [INFO    ] [CricVision.__main__] CricVision Pipeline — session finished
[2026-03-12 00:49:05] [INFO    ] [CricVision.__main__] ============================================================
